<?xml version="1.0" encoding="UTF-8"?>
<!-- Generated by org.testng.reporters.JUnitReportReporter -->
<testsuite hostname="Opeyemis-MacBook-Pro.local" failures="0" tests="2" name="yohannaAutomations.onboardingUIAutomation" time="26.134" errors="0" timestamp="2025-07-16T13:08:26 WAT" skipped="0">
  <testcase classname="yohannaAutomations.onboardingUIAutomation" name="ScreenSelectionTest" time="19.013"/>
  <testcase classname="yohannaAutomations.onboardingUIAutomation" name="AppiumTest" time="7.121"/>
</testsuite> <!-- yohannaAutomations.onboardingUIAutomation -->
